<?xml version="1.0" encoding="UTF-8"?>
<testng-results ignored="0" total="7" passed="7" failed="0" skipped="0">
  <reporter-output>
  </reporter-output>
  <suite started-at="2025-01-14T15:20:04 IST" name="Surefire suite" finished-at="2025-01-14T15:24:05 IST" duration-ms="241074">
    <groups>
    </groups>
    <test started-at="2025-01-14T15:20:04 IST" name="Surefire test" finished-at="2025-01-14T15:24:05 IST" duration-ms="241074">
      <class name="Title_Manipulation.Chat_2Bookmark">
        <test-method is-config="true" signature="openApp()[pri:0, instance:Title_Manipulation.Chat_2Bookmark@488d1cd7]" started-at="2025-01-14T15:22:48 IST" name="openApp" finished-at="2025-01-14T15:22:52 IST" duration-ms="4048" status="PASS">
          <reporter-output>
          </reporter-output>
        </test-method> <!-- openApp -->
        <test-method signature="Bookmark()[pri:1, instance:Title_Manipulation.Chat_2Bookmark@488d1cd7]" started-at="2025-01-14T15:22:52 IST" name="Bookmark" finished-at="2025-01-14T15:23:41 IST" duration-ms="48756" status="PASS">
          <reporter-output>
          </reporter-output>
        </test-method> <!-- Bookmark -->
        <test-method is-config="true" signature="closeApp(org.testng.ITestResult)[pri:0, instance:Title_Manipulation.Chat_2Bookmark@488d1cd7]" started-at="2025-01-14T15:23:41 IST" name="closeApp" finished-at="2025-01-14T15:23:41 IST" duration-ms="376" status="PASS">
          <params>
            <param index="0">
              <value>
                <![CDATA[[TestResult name=Bookmark status=SUCCESS method=Chat_2Bookmark.Bookmark()[pri:1, instance:Title_Manipulation.Chat_2Bookmark@488d1cd7] output={null}]]]>
              </value>
            </param>
          </params>
          <reporter-output>
          </reporter-output>
        </test-method> <!-- closeApp -->
      </class> <!-- Title_Manipulation.Chat_2Bookmark -->
      <class name="Title_Manipulation.Chat_Delete">
        <test-method is-config="true" signature="openApp()[pri:0, instance:Title_Manipulation.Chat_Delete@38ba6ce3]" started-at="2025-01-14T15:23:55 IST" name="openApp" finished-at="2025-01-14T15:23:59 IST" duration-ms="4111" status="PASS">
          <reporter-output>
          </reporter-output>
        </test-method> <!-- openApp -->
        <test-method signature="Delete()[pri:0, instance:Title_Manipulation.Chat_Delete@38ba6ce3]" started-at="2025-01-14T15:23:59 IST" name="Delete" finished-at="2025-01-14T15:24:05 IST" duration-ms="5509" status="PASS">
          <reporter-output>
          </reporter-output>
        </test-method> <!-- Delete -->
        <test-method is-config="true" signature="closeApp(org.testng.ITestResult)[pri:0, instance:Title_Manipulation.Chat_Delete@38ba6ce3]" started-at="2025-01-14T15:24:05 IST" name="closeApp" finished-at="2025-01-14T15:24:05 IST" duration-ms="0" status="PASS">
          <params>
            <param index="0">
              <value>
                <![CDATA[[TestResult name=Delete status=SUCCESS method=Chat_Delete.Delete()[pri:0, instance:Title_Manipulation.Chat_Delete@38ba6ce3] output={null}]]]>
              </value>
            </param>
          </params>
          <reporter-output>
          </reporter-output>
        </test-method> <!-- closeApp -->
      </class> <!-- Title_Manipulation.Chat_Delete -->
      <class name="Title_Manipulation.Chat_3Public">
        <test-method is-config="true" signature="openApp()[pri:0, instance:Title_Manipulation.Chat_3Public@68dc098b]" started-at="2025-01-14T15:23:41 IST" name="openApp" finished-at="2025-01-14T15:23:47 IST" duration-ms="5601" status="PASS">
          <reporter-output>
          </reporter-output>
        </test-method> <!-- openApp -->
        <test-method signature="publicChat()[pri:1, instance:Title_Manipulation.Chat_3Public@68dc098b]" started-at="2025-01-14T15:23:47 IST" name="publicChat" finished-at="2025-01-14T15:23:53 IST" duration-ms="6292" status="PASS">
          <reporter-output>
          </reporter-output>
        </test-method> <!-- publicChat -->
        <test-method is-config="true" signature="closeApp(org.testng.ITestResult)[pri:0, instance:Title_Manipulation.Chat_3Public@68dc098b]" started-at="2025-01-14T15:23:53 IST" name="closeApp" finished-at="2025-01-14T15:23:55 IST" duration-ms="2003" status="PASS">
          <params>
            <param index="0">
              <value>
                <![CDATA[[TestResult name=publicChat status=SUCCESS method=Chat_3Public.publicChat()[pri:1, instance:Title_Manipulation.Chat_3Public@68dc098b] output={null}]]]>
              </value>
            </param>
          </params>
          <reporter-output>
          </reporter-output>
        </test-method> <!-- closeApp -->
      </class> <!-- Title_Manipulation.Chat_3Public -->
      <class name="Chat_Response.Chat_Response">
        <test-method is-config="true" signature="configBs()[pri:0, instance:Chat_Response.Chat_Response@2141a12]" started-at="2025-01-14T15:20:04 IST" name="configBs" finished-at="2025-01-14T15:20:04 IST" duration-ms="342" status="PASS">
          <reporter-output>
          </reporter-output>
        </test-method> <!-- configBs -->
        <test-method is-config="true" signature="openApp()[pri:0, instance:Chat_Response.Chat_Response@2141a12]" started-at="2025-01-14T15:20:04 IST" name="openApp" finished-at="2025-01-14T15:20:42 IST" duration-ms="37833" status="PASS">
          <reporter-output>
          </reporter-output>
        </test-method> <!-- openApp -->
        <test-method signature="testValidScenario()[pri:0, instance:Chat_Response.Chat_Response@2141a12]" started-at="2025-01-14T15:20:42 IST" name="testValidScenario" finished-at="2025-01-14T15:21:15 IST" duration-ms="32704" status="PASS">
          <reporter-output>
          </reporter-output>
        </test-method> <!-- testValidScenario -->
        <test-method is-config="true" signature="closeApp(org.testng.ITestResult)[pri:0, instance:Chat_Response.Chat_Response@2141a12]" started-at="2025-01-14T15:21:15 IST" name="closeApp" finished-at="2025-01-14T15:21:15 IST" duration-ms="19" status="PASS">
          <params>
            <param index="0">
              <value>
                <![CDATA[[TestResult name=testValidScenario status=SUCCESS method=Chat_Response.testValidScenario()[pri:0, instance:Chat_Response.Chat_Response@2141a12] output={null}]]]>
              </value>
            </param>
          </params>
          <reporter-output>
          </reporter-output>
        </test-method> <!-- closeApp -->
        <test-method is-config="true" signature="configAs()[pri:0, instance:Chat_Response.Chat_Response@2141a12]" started-at="2025-01-14T15:24:05 IST" name="configAs" finished-at="2025-01-14T15:24:06 IST" duration-ms="590" status="PASS">
          <reporter-output>
          </reporter-output>
        </test-method> <!-- configAs -->
      </class> <!-- Chat_Response.Chat_Response -->
      <class name="InternetSearch.InternetSearch">
        <test-method is-config="true" signature="openApp()[pri:0, instance:InternetSearch.InternetSearch@6d07a63d]" started-at="2025-01-14T15:22:00 IST" name="openApp" finished-at="2025-01-14T15:22:05 IST" duration-ms="4477" status="PASS">
          <reporter-output>
          </reporter-output>
        </test-method> <!-- openApp -->
        <test-method signature="InterNetSearch()[pri:0, instance:InternetSearch.InternetSearch@6d07a63d]" started-at="2025-01-14T15:22:05 IST" name="InterNetSearch" finished-at="2025-01-14T15:22:37 IST" duration-ms="32262" status="PASS">
          <reporter-output>
          </reporter-output>
        </test-method> <!-- InterNetSearch -->
        <test-method is-config="true" signature="closeApp(org.testng.ITestResult)[pri:0, instance:InternetSearch.InternetSearch@6d07a63d]" started-at="2025-01-14T15:22:37 IST" name="closeApp" finished-at="2025-01-14T15:22:37 IST" duration-ms="3" status="PASS">
          <params>
            <param index="0">
              <value>
                <![CDATA[[TestResult name=InterNetSearch status=SUCCESS method=InternetSearch.InterNetSearch()[pri:0, instance:InternetSearch.InternetSearch@6d07a63d] output={null}]]]>
              </value>
            </param>
          </params>
          <reporter-output>
          </reporter-output>
        </test-method> <!-- closeApp -->
      </class> <!-- InternetSearch.InternetSearch -->
      <class name="Doc_Search.Doc_Search">
        <test-method is-config="true" signature="openApp()[pri:0, instance:Doc_Search.Doc_Search@479ceda0]" started-at="2025-01-14T15:21:15 IST" name="openApp" finished-at="2025-01-14T15:21:54 IST" duration-ms="39172" status="PASS">
          <reporter-output>
          </reporter-output>
        </test-method> <!-- openApp -->
        <test-method signature="testValidScenario()[pri:0, instance:Doc_Search.Doc_Search@479ceda0]" started-at="2025-01-14T15:21:54 IST" name="testValidScenario" finished-at="2025-01-14T15:22:00 IST" duration-ms="6444" status="PASS">
          <reporter-output>
          </reporter-output>
        </test-method> <!-- testValidScenario -->
        <test-method is-config="true" signature="closeApp(org.testng.ITestResult)[pri:0, instance:Doc_Search.Doc_Search@479ceda0]" started-at="2025-01-14T15:22:00 IST" name="closeApp" finished-at="2025-01-14T15:22:00 IST" duration-ms="1" status="PASS">
          <params>
            <param index="0">
              <value>
                <![CDATA[[TestResult name=testValidScenario status=SUCCESS method=Doc_Search.testValidScenario()[pri:0, instance:Doc_Search.Doc_Search@479ceda0] output={null}]]]>
              </value>
            </param>
          </params>
          <reporter-output>
          </reporter-output>
        </test-method> <!-- closeApp -->
      </class> <!-- Doc_Search.Doc_Search -->
      <class name="Title_Manipulation.Chat_1Rename">
        <test-method is-config="true" signature="openApp()[pri:0, instance:Title_Manipulation.Chat_1Rename@571c5681]" started-at="2025-01-14T15:22:37 IST" name="openApp" finished-at="2025-01-14T15:22:43 IST" duration-ms="5753" status="PASS">
          <reporter-output>
          </reporter-output>
        </test-method> <!-- openApp -->
        <test-method signature="Rename()[pri:0, instance:Title_Manipulation.Chat_1Rename@571c5681]" started-at="2025-01-14T15:22:43 IST" name="Rename" finished-at="2025-01-14T15:22:48 IST" duration-ms="5640" status="PASS">
          <reporter-output>
          </reporter-output>
        </test-method> <!-- Rename -->
        <test-method is-config="true" signature="closeApp(org.testng.ITestResult)[pri:0, instance:Title_Manipulation.Chat_1Rename@571c5681]" started-at="2025-01-14T15:22:48 IST" name="closeApp" finished-at="2025-01-14T15:22:48 IST" duration-ms="1" status="PASS">
          <params>
            <param index="0">
              <value>
                <![CDATA[[TestResult name=Rename status=SUCCESS method=Chat_1Rename.Rename()[pri:0, instance:Title_Manipulation.Chat_1Rename@571c5681] output={null}]]]>
              </value>
            </param>
          </params>
          <reporter-output>
          </reporter-output>
        </test-method> <!-- closeApp -->
      </class> <!-- Title_Manipulation.Chat_1Rename -->
    </test> <!-- Surefire test -->
  </suite> <!-- Surefire suite -->
</testng-results>
