<?xml version="1.0" encoding="UTF-8"?>
<testsuite xmlns:xsi="http://www.w3.org/2001/XMLSchema-instance" xsi:noNamespaceSchemaLocation="https://maven.apache.org/surefire/maven-surefire-plugin/xsd/surefire-test-report-3.0.xsd" version="3.0" name="TestSuite" time="197.358" tests="11" errors="0" skipped="0" failures="4">
  <properties>
[...]
</properties>
  <testcase name="testValidScenario" classname="Chat_Response.Chat_Response" time="31.952">
    <system-out><![CDATA[BeforeSuite - Initializing ExtentReports...
]]></system-out>
  </testcase>
  <testcase name="testValidScenario" classname="Doc_Search.Doc_Search" time="6.139">
    <system-out><![CDATA[Text containing 'DBS' found: DBS Response.docx
12 mb
Text containing 'DBS' found: 2407 DBS Overview ME Data related solutions (1) (2).pptx
12 mb
Text containing 'DBS' found: DBS Check.pptx
12 mb
Text containing 'DBS' found: DBS_Check_No_Duplicates.pptx
12 mb
Text containing 'DBS' found: DBS X Match.docx
12 mb
Text containing 'DBS' found: DBS X Match 1.docx
12 mb
Text containing 'DBS' found: DBS.pptx
12 mb
Assertion Passed: At least one element contains 'DBS'.
]]></system-out>
  </testcase>
  <testcase name="InterNetSearch" classname="InternetSearch.InternetSearch" time="32.107"/>
  <testcase name="Rename" classname="Title_Manipulation.Chat_1Rename" time="5.116">
    <failure message="Notification message does not match! expected [Chat rename 22successfully to &apos;Automation&apos;] but found [Chat rename successfully to &apos;Automation&apos;]" type="java.lang.AssertionError"><![CDATA[java.lang.AssertionError: Notification message does not match! expected [Chat rename 22successfully to 'Automation'] but found [Chat rename successfully to 'Automation']
	at Title_Manipulation.Chat_1Rename.Rename(Chat_1Rename.java:52)
]]></failure>
    <system-out><![CDATA[Actual Notification Message: Chat rename successfully to 'Automation'
]]></system-out>
  </testcase>
  <testcase name="closeApp[[TestResult name=Rename status=FAILURE method=Chat_1Rename.Rename()[pri:0, instance:Title_Manipulation.Chat_1Rename@d278d2b] output={null}]](0)" classname="Title_Manipulation.Chat_1Rename" time="5.144">
    <failure message="Session ID is null. Using WebDriver after calling quit()?&#10;Build info: version: &apos;4.27.0&apos;, revision: &apos;d6e718d134&apos;&#10;System info: os.name: &apos;Windows 10&apos;, os.arch: &apos;amd64&apos;, os.version: &apos;10.0&apos;, java.version: &apos;17.0.12&apos;&#10;Driver info: org.openqa.selenium.chrome.ChromeDriver&#10;Command: [null, screenshot {}]&#10;Capabilities {acceptInsecureCerts: false, browserName: chrome, browserVersion: 131.0.6778.265, chrome: {chromedriverVersion: 131.0.6778.264 (2d05e315153..., userDataDir: C:\Users\Admin\AppData\Loca...}, fedcm:accounts: true, goog:chromeOptions: {debuggerAddress: localhost:9505}, networkConnectionEnabled: false, pageLoadStrategy: normal, platformName: windows, proxy: Proxy(), se:cdp: ws://localhost:9505/devtool..., se:cdpVersion: 131.0.6778.265, setWindowRect: true, strictFileInteractability: false, timeouts: {implicit: 0, pageLoad: 300000, script: 30000}, unhandledPromptBehavior: dismiss and notify, webauthn:extension:credBlob: true, webauthn:extension:largeBlob: true, webauthn:extension:minPinLength: true, webauthn:extension:prf: true, webauthn:virtualAuthenticators: true}" type="org.openqa.selenium.NoSuchSessionException"><![CDATA[org.openqa.selenium.NoSuchSessionException: 
Session ID is null. Using WebDriver after calling quit()?
Build info: version: '4.27.0', revision: 'd6e718d134'
System info: os.name: 'Windows 10', os.arch: 'amd64', os.version: '10.0', java.version: '17.0.12'
Driver info: org.openqa.selenium.chrome.ChromeDriver
Command: [null, screenshot {}]
Capabilities {acceptInsecureCerts: false, browserName: chrome, browserVersion: 131.0.6778.265, chrome: {chromedriverVersion: 131.0.6778.264 (2d05e315153..., userDataDir: C:\Users\Admin\AppData\Loca...}, fedcm:accounts: true, goog:chromeOptions: {debuggerAddress: localhost:9505}, networkConnectionEnabled: false, pageLoadStrategy: normal, platformName: windows, proxy: Proxy(), se:cdp: ws://localhost:9505/devtool..., se:cdpVersion: 131.0.6778.265, setWindowRect: true, strictFileInteractability: false, timeouts: {implicit: 0, pageLoad: 300000, script: 30000}, unhandledPromptBehavior: dismiss and notify, webauthn:extension:credBlob: true, webauthn:extension:largeBlob: true, webauthn:extension:minPinLength: true, webauthn:extension:prf: true, webauthn:virtualAuthenticators: true}
]]></failure>
  </testcase>
  <testcase name="Bookmark" classname="Title_Manipulation.Chat_2Bookmark" time="46.368">
    <system-out><![CDATA[Actual Notification Message: Bookmarked Successfully
]]></system-out>
  </testcase>
  <testcase name="Remove_Bookmark" classname="Title_Manipulation.Chat_2Bookmark" time="5.483"/>
  <testcase name="publicChat" classname="Title_Manipulation.Chat_3Public" time="3.527">
    <system-out><![CDATA[Actual Notification Message: Successfully Moved to Public Chats
]]></system-out>
  </testcase>
  <testcase name="PrivateChat" classname="Title_Manipulation.Chat_3Public" time="4.714"/>
  <testcase name="Delete" classname="Title_Manipulation.Chat_Delete" time="2.915">
    <failure message="Unexpected exception: element not interactable: element has zero size&#10;  (Session info: chrome=131.0.6778.265)&#10;Build info: version: &apos;4.27.0&apos;, revision: &apos;d6e718d134&apos;&#10;System info: os.name: &apos;Windows 10&apos;, os.arch: &apos;amd64&apos;, os.version: &apos;10.0&apos;, java.version: &apos;17.0.12&apos;&#10;Driver info: org.openqa.selenium.chrome.ChromeDriver&#10;Command: [ac739daf3900ca067350f7dfa23599c5, clickElement {id=f.4481F3BFA02A267C3C82B67B562127EF.d.FF40FA7C7F0D520DDACB1575DA655D11.e.63}]&#10;Capabilities {acceptInsecureCerts: false, browserName: chrome, browserVersion: 131.0.6778.265, chrome: {chromedriverVersion: 131.0.6778.264 (2d05e315153..., userDataDir: C:\Users\Admin\AppData\Loca...}, fedcm:accounts: true, goog:chromeOptions: {debuggerAddress: localhost:9662}, networkConnectionEnabled: false, pageLoadStrategy: normal, platformName: windows, proxy: Proxy(), se:cdp: ws://localhost:9662/devtool..., se:cdpVersion: 131.0.6778.265, setWindowRect: true, strictFileInteractability: false, timeouts: {implicit: 0, pageLoad: 300000, script: 30000}, unhandledPromptBehavior: dismiss and notify, webauthn:extension:credBlob: true, webauthn:extension:largeBlob: true, webauthn:extension:minPinLength: true, webauthn:extension:prf: true, webauthn:virtualAuthenticators: true}&#10;Element: [[ChromeDriver: chrome on windows (ac739daf3900ca067350f7dfa23599c5)] -&gt; xpath: //span[text()=&apos;Delete&apos;]]&#10;Session ID: ac739daf3900ca067350f7dfa23599c5" type="java.lang.AssertionError"><![CDATA[java.lang.AssertionError: 
Unexpected exception: element not interactable: element has zero size
  (Session info: chrome=131.0.6778.265)
Build info: version: '4.27.0', revision: 'd6e718d134'
System info: os.name: 'Windows 10', os.arch: 'amd64', os.version: '10.0', java.version: '17.0.12'
Driver info: org.openqa.selenium.chrome.ChromeDriver
Command: [ac739daf3900ca067350f7dfa23599c5, clickElement {id=f.4481F3BFA02A267C3C82B67B562127EF.d.FF40FA7C7F0D520DDACB1575DA655D11.e.63}]
Capabilities {acceptInsecureCerts: false, browserName: chrome, browserVersion: 131.0.6778.265, chrome: {chromedriverVersion: 131.0.6778.264 (2d05e315153..., userDataDir: C:\Users\Admin\AppData\Loca...}, fedcm:accounts: true, goog:chromeOptions: {debuggerAddress: localhost:9662}, networkConnectionEnabled: false, pageLoadStrategy: normal, platformName: windows, proxy: Proxy(), se:cdp: ws://localhost:9662/devtool..., se:cdpVersion: 131.0.6778.265, setWindowRect: true, strictFileInteractability: false, timeouts: {implicit: 0, pageLoad: 300000, script: 30000}, unhandledPromptBehavior: dismiss and notify, webauthn:extension:credBlob: true, webauthn:extension:largeBlob: true, webauthn:extension:minPinLength: true, webauthn:extension:prf: true, webauthn:virtualAuthenticators: true}
Element: [[ChromeDriver: chrome on windows (ac739daf3900ca067350f7dfa23599c5)] -> xpath: //span[text()='Delete']]
Session ID: ac739daf3900ca067350f7dfa23599c5
	at Title_Manipulation.Chat_Delete.Delete(Chat_Delete.java:46)
]]></failure>
    <system-out><![CDATA[Test failed: element not interactable: element has zero size
  (Session info: chrome=131.0.6778.265)
Build info: version: '4.27.0', revision: 'd6e718d134'
System info: os.name: 'Windows 10', os.arch: 'amd64', os.version: '10.0', java.version: '17.0.12'
Driver info: org.openqa.selenium.chrome.ChromeDriver
Command: [ac739daf3900ca067350f7dfa23599c5, clickElement {id=f.4481F3BFA02A267C3C82B67B562127EF.d.FF40FA7C7F0D520DDACB1575DA655D11.e.63}]
Capabilities {acceptInsecureCerts: false, browserName: chrome, browserVersion: 131.0.6778.265, chrome: {chromedriverVersion: 131.0.6778.264 (2d05e315153..., userDataDir: C:\Users\Admin\AppData\Loca...}, fedcm:accounts: true, goog:chromeOptions: {debuggerAddress: localhost:9662}, networkConnectionEnabled: false, pageLoadStrategy: normal, platformName: windows, proxy: Proxy(), se:cdp: ws://localhost:9662/devtool..., se:cdpVersion: 131.0.6778.265, setWindowRect: true, strictFileInteractability: false, timeouts: {implicit: 0, pageLoad: 300000, script: 30000}, unhandledPromptBehavior: dismiss and notify, webauthn:extension:credBlob: true, webauthn:extension:largeBlob: true, webauthn:extension:minPinLength: true, webauthn:extension:prf: true, webauthn:virtualAuthenticators: true}
Element: [[ChromeDriver: chrome on windows (ac739daf3900ca067350f7dfa23599c5)] -> xpath: //span[text()='Delete']]
Session ID: ac739daf3900ca067350f7dfa23599c5
]]></system-out>
  </testcase>
  <testcase name="closeApp[[TestResult name=Delete status=FAILURE method=Chat_Delete.Delete()[pri:0, instance:Title_Manipulation.Chat_Delete@4e423aa2] output={null}]](0)" classname="Title_Manipulation.Chat_Delete" time="2.917">
    <failure message="Session ID is null. Using WebDriver after calling quit()?&#10;Build info: version: &apos;4.27.0&apos;, revision: &apos;d6e718d134&apos;&#10;System info: os.name: &apos;Windows 10&apos;, os.arch: &apos;amd64&apos;, os.version: &apos;10.0&apos;, java.version: &apos;17.0.12&apos;&#10;Driver info: org.openqa.selenium.chrome.ChromeDriver&#10;Command: [null, screenshot {}]&#10;Capabilities {acceptInsecureCerts: false, browserName: chrome, browserVersion: 131.0.6778.265, chrome: {chromedriverVersion: 131.0.6778.264 (2d05e315153..., userDataDir: C:\Users\Admin\AppData\Loca...}, fedcm:accounts: true, goog:chromeOptions: {debuggerAddress: localhost:9662}, networkConnectionEnabled: false, pageLoadStrategy: normal, platformName: windows, proxy: Proxy(), se:cdp: ws://localhost:9662/devtool..., se:cdpVersion: 131.0.6778.265, setWindowRect: true, strictFileInteractability: false, timeouts: {implicit: 0, pageLoad: 300000, script: 30000}, unhandledPromptBehavior: dismiss and notify, webauthn:extension:credBlob: true, webauthn:extension:largeBlob: true, webauthn:extension:minPinLength: true, webauthn:extension:prf: true, webauthn:virtualAuthenticators: true}" type="org.openqa.selenium.NoSuchSessionException"><![CDATA[org.openqa.selenium.NoSuchSessionException: 
Session ID is null. Using WebDriver after calling quit()?
Build info: version: '4.27.0', revision: 'd6e718d134'
System info: os.name: 'Windows 10', os.arch: 'amd64', os.version: '10.0', java.version: '17.0.12'
Driver info: org.openqa.selenium.chrome.ChromeDriver
Command: [null, screenshot {}]
Capabilities {acceptInsecureCerts: false, browserName: chrome, browserVersion: 131.0.6778.265, chrome: {chromedriverVersion: 131.0.6778.264 (2d05e315153..., userDataDir: C:\Users\Admin\AppData\Loca...}, fedcm:accounts: true, goog:chromeOptions: {debuggerAddress: localhost:9662}, networkConnectionEnabled: false, pageLoadStrategy: normal, platformName: windows, proxy: Proxy(), se:cdp: ws://localhost:9662/devtool..., se:cdpVersion: 131.0.6778.265, setWindowRect: true, strictFileInteractability: false, timeouts: {implicit: 0, pageLoad: 300000, script: 30000}, unhandledPromptBehavior: dismiss and notify, webauthn:extension:credBlob: true, webauthn:extension:largeBlob: true, webauthn:extension:minPinLength: true, webauthn:extension:prf: true, webauthn:virtualAuthenticators: true}
]]></failure>
  </testcase>
</testsuite>