<?xml version="1.0" encoding="UTF-8"?>
<testng-results ignored="0" total="1" passed="1" failed="0" skipped="0">
  <reporter-output>
  </reporter-output>
  <suite started-at="2025-01-13T17:08:05 IST" name="Default suite" finished-at="2025-01-13T17:08:22 IST" duration-ms="16953">
    <groups>
    </groups>
    <test started-at="2025-01-13T17:08:05 IST" name="Default test" finished-at="2025-01-13T17:08:22 IST" duration-ms="16953">
      <class name="Doc_Search.Doc_Search">
        <test-method is-config="true" signature="configBs()[pri:0, instance:Doc_Search.Doc_Search@3febb011]" started-at="2025-01-13T17:08:05 IST" name="configBs" finished-at="2025-01-13T17:08:05 IST" duration-ms="556" status="PASS">
          <reporter-output>
          </reporter-output>
        </test-method> <!-- configBs -->
        <test-method is-config="true" signature="openApp()[pri:0, instance:Doc_Search.Doc_Search@3febb011]" started-at="2025-01-13T17:08:05 IST" name="openApp" finished-at="2025-01-13T17:08:14 IST" duration-ms="8438" status="PASS">
          <reporter-output>
          </reporter-output>
        </test-method> <!-- openApp -->
        <test-method signature="testValidScenario()[pri:0, instance:Doc_Search.Doc_Search@3febb011]" started-at="2025-01-13T17:08:14 IST" name="testValidScenario" finished-at="2025-01-13T17:08:22 IST" duration-ms="8098" status="PASS">
          <reporter-output>
          </reporter-output>
        </test-method> <!-- testValidScenario -->
        <test-method is-config="true" signature="closeApp(org.testng.ITestResult)[pri:0, instance:Doc_Search.Doc_Search@3febb011]" started-at="2025-01-13T17:08:22 IST" name="closeApp" finished-at="2025-01-13T17:08:22 IST" duration-ms="356" status="PASS">
          <params>
            <param index="0">
              <value>
                <![CDATA[[TestResult name=testValidScenario status=SUCCESS method=Doc_Search.testValidScenario()[pri:0, instance:Doc_Search.Doc_Search@3febb011] output={null}]]]>
              </value>
            </param>
          </params>
          <reporter-output>
          </reporter-output>
        </test-method> <!-- closeApp -->
        <test-method is-config="true" signature="configAs()[pri:0, instance:Doc_Search.Doc_Search@3febb011]" started-at="2025-01-13T17:08:22 IST" name="configAs" finished-at="2025-01-13T17:08:23 IST" duration-ms="784" status="PASS">
          <reporter-output>
          </reporter-output>
        </test-method> <!-- configAs -->
      </class> <!-- Doc_Search.Doc_Search -->
    </test> <!-- Default test -->
  </suite> <!-- Default suite -->
</testng-results>
