<?xml version="1.0" encoding="UTF-8"?>
<!-- Generated by org.testng.reporters.JUnitXMLReporter -->
<testsuite ignored="12" hostname="DESKTOP-7UHBV0G" failures="0" tests="7" name="Surefire test" time="241.074" errors="0" timestamp="2025-01-14T15:24:05 IST">
  <testcase classname="Chat_Response.Chat_Response" name="testValidScenario" time="32.704"/>
  <testcase classname="Doc_Search.Doc_Search" name="testValidScenario" time="6.444"/>
  <testcase classname="InternetSearch.InternetSearch" name="InterNetSearch" time="32.262"/>
  <testcase classname="Title_Manipulation.Chat_1Rename" name="Rename" time="5.64"/>
  <testcase classname="Title_Manipulation.Chat_2Bookmark" name="Bookmark" time="48.756"/>
  <testcase classname="Title_Manipulation.Chat_3Public" name="publicChat" time="6.292"/>
  <testcase classname="Title_Manipulation.Chat_Delete" name="Delete" time="5.509"/>
  <testcase classname="genericLib.BaseClass" name="@AfterSuite configAs" time="0.0">
    <ignored/>
  </testcase> <!-- @AfterSuite configAs -->
  <testcase classname="genericLib.BaseClass" name="@BeforeSuite configBs" time="0.0">
    <ignored/>
  </testcase> <!-- @BeforeSuite configBs -->
  <testcase classname="genericLib.BaseClass" name="@AfterSuite configAs" time="0.0">
    <ignored/>
  </testcase> <!-- @AfterSuite configAs -->
  <testcase classname="genericLib.BaseClass" name="@BeforeSuite configBs" time="0.0">
    <ignored/>
  </testcase> <!-- @BeforeSuite configBs -->
  <testcase classname="genericLib.BaseClass" name="@BeforeSuite configBs" time="0.0">
    <ignored/>
  </testcase> <!-- @BeforeSuite configBs -->
  <testcase classname="genericLib.BaseClass" name="@AfterSuite configAs" time="0.0">
    <ignored/>
  </testcase> <!-- @AfterSuite configAs -->
  <testcase classname="genericLib.BaseClass" name="@BeforeSuite configBs" time="0.0">
    <ignored/>
  </testcase> <!-- @BeforeSuite configBs -->
  <testcase classname="genericLib.BaseClass" name="@AfterSuite configAs" time="0.0">
    <ignored/>
  </testcase> <!-- @AfterSuite configAs -->
  <testcase classname="genericLib.BaseClass" name="@AfterSuite configAs" time="0.0">
    <ignored/>
  </testcase> <!-- @AfterSuite configAs -->
  <testcase classname="genericLib.BaseClass" name="@BeforeSuite configBs" time="0.0">
    <ignored/>
  </testcase> <!-- @BeforeSuite configBs -->
  <testcase classname="genericLib.BaseClass" name="@BeforeSuite configBs" time="0.0">
    <ignored/>
  </testcase> <!-- @BeforeSuite configBs -->
  <testcase classname="genericLib.BaseClass" name="@AfterSuite configAs" time="0.0">
    <ignored/>
  </testcase> <!-- @AfterSuite configAs -->
</testsuite> <!-- Surefire test -->
