<?xml version="1.0" encoding="UTF-8"?>
<testng-results ignored="0" total="1" passed="1" failed="0" skipped="0">
  <reporter-output>
  </reporter-output>
  <suite started-at="2025-01-09T19:32:32 IST" name="Default suite" finished-at="2025-01-09T19:32:43 IST" duration-ms="10676">
    <groups>
    </groups>
    <test started-at="2025-01-09T19:32:32 IST" name="Default test" finished-at="2025-01-09T19:32:43 IST" duration-ms="10676">
      <class name="Doc_Search.Doc_Search">
        <test-method is-config="true" signature="configBs()[pri:0, instance:Doc_Search.Doc_Search@74235045]" started-at="2025-01-09T19:32:31 IST" name="configBs" finished-at="2025-01-09T19:32:32 IST" duration-ms="497" status="PASS">
          <reporter-output>
          </reporter-output>
        </test-method> <!-- configBs -->
        <test-method is-config="true" signature="openApp()[pri:0, instance:Doc_Search.Doc_Search@74235045]" started-at="2025-01-09T19:32:32 IST" name="openApp" finished-at="2025-01-09T19:32:39 IST" duration-ms="6882" status="PASS">
          <reporter-output>
          </reporter-output>
        </test-method> <!-- openApp -->
        <test-method signature="testValidScenario()[pri:0, instance:Doc_Search.Doc_Search@74235045]" started-at="2025-01-09T19:32:39 IST" name="testValidScenario" finished-at="2025-01-09T19:32:42 IST" duration-ms="3440" status="PASS">
          <reporter-output>
          </reporter-output>
        </test-method> <!-- testValidScenario -->
        <test-method is-config="true" signature="closeApp(org.testng.ITestResult)[pri:0, instance:Doc_Search.Doc_Search@74235045]" started-at="2025-01-09T19:32:42 IST" name="closeApp" finished-at="2025-01-09T19:32:43 IST" duration-ms="292" status="PASS">
          <params>
            <param index="0">
              <value>
                <![CDATA[[TestResult name=testValidScenario status=SUCCESS method=Doc_Search.testValidScenario()[pri:0, instance:Doc_Search.Doc_Search@74235045] output={null}]]]>
              </value>
            </param>
          </params>
          <reporter-output>
          </reporter-output>
        </test-method> <!-- closeApp -->
        <test-method is-config="true" signature="configAs()[pri:0, instance:Doc_Search.Doc_Search@74235045]" started-at="2025-01-09T19:32:43 IST" name="configAs" finished-at="2025-01-09T19:32:43 IST" duration-ms="547" status="PASS">
          <reporter-output>
          </reporter-output>
        </test-method> <!-- configAs -->
      </class> <!-- Doc_Search.Doc_Search -->
    </test> <!-- Default test -->
  </suite> <!-- Default suite -->
</testng-results>
